{"C:\\Users\\ferna\\Documents\\Projectos KINAL\\GestorHoteles\\index.js": {"path":"C:\\Users\\ferna\\Documents\\Projectos KINAL\\GestorHoteles\\index.js","statementMap":{"0":{"start":{"line":1,"column":16},"end":{"line":1,"column":34}},"1":{"start":{"line":2,"column":19},"end":{"line":2,"column":41}},"2":{"start":{"line":3,"column":15},"end":{"line":3,"column":32}},"3":{"start":{"line":4,"column":17},"end":{"line":4,"column":36}},"4":{"start":{"line":5,"column":17},"end":{"line":5,"column":36}},"5":{"start":{"line":7,"column":15},"end":{"line":7,"column":40}},"6":{"start":{"line":8,"column":16},"end":{"line":8,"column":42}},"7":{"start":{"line":9,"column":15},"end":{"line":9,"column":34}},"8":{"start":{"line":10,"column":21},"end":{"line":10,"column":55}},"9":{"start":{"line":11,"column":19},"end":{"line":11,"column":69}},"10":{"start":{"line":13,"column":0},"end":{"line":13,"column":22}},"11":{"start":{"line":15,"column":0},"end":{"line":15,"column":60}},"12":{"start":{"line":16,"column":0},"end":{"line":19,"column":3}},"13":{"start":{"line":17,"column":2},"end":{"line":17,"column":46}},"14":{"start":{"line":18,"column":2},"end":{"line":18,"column":18}},"15":{"start":{"line":21,"column":0},"end":{"line":21,"column":40}},"16":{"start":{"line":23,"column":12},"end":{"line":23,"column":21}},"17":{"start":{"line":25,"column":0},"end":{"line":25,"column":27}},"18":{"start":{"line":27,"column":0},"end":{"line":33,"column":2}},"19":{"start":{"line":30,"column":26},"end":{"line":30,"column":53}},"20":{"start":{"line":35,"column":0},"end":{"line":35,"column":31}},"21":{"start":{"line":37,"column":0},"end":{"line":37,"column":33}},"22":{"start":{"line":39,"column":0},"end":{"line":39,"column":42}},"23":{"start":{"line":40,"column":0},"end":{"line":44,"column":1}},"24":{"start":{"line":41,"column":2},"end":{"line":41,"column":44}},"25":{"start":{"line":43,"column":2},"end":{"line":43,"column":44}},"26":{"start":{"line":46,"column":15},"end":{"line":48,"column":2}},"27":{"start":{"line":47,"column":2},"end":{"line":47,"column":46}},"28":{"start":{"line":50,"column":0},"end":{"line":53,"column":2}}},"fnMap":{"0":{"name":"(anonymous_0)","decl":{"start":{"line":16,"column":32},"end":{"line":16,"column":33}},"loc":{"start":{"line":16,"column":38},"end":{"line":19,"column":1}},"line":16},"1":{"name":"(anonymous_1)","decl":{"start":{"line":30,"column":13},"end":{"line":30,"column":14}},"loc":{"start":{"line":30,"column":26},"end":{"line":30,"column":53}},"line":30},"2":{"name":"(anonymous_2)","decl":{"start":{"line":46,"column":41},"end":{"line":46,"column":42}},"loc":{"start":{"line":46,"column":47},"end":{"line":48,"column":1}},"line":46}},"branchMap":{"0":{"loc":{"start":{"line":40,"column":0},"end":{"line":44,"column":1}},"type":"if","locations":[{"start":{"line":40,"column":0},"end":{"line":44,"column":1}},{"start":{"line":40,"column":0},"end":{"line":44,"column":1}}],"line":40}},"s":{"0":1,"1":1,"2":1,"3":1,"4":1,"5":1,"6":1,"7":1,"8":1,"9":1,"10":1,"11":1,"12":1,"13":0,"14":0,"15":1,"16":1,"17":1,"18":1,"19":36,"20":1,"21":1,"22":1,"23":1,"24":0,"25":1,"26":1,"27":1,"28":1},"f":{"0":0,"1":36,"2":1},"b":{"0":[0,1]},"_coverageSchema":"1a1c01bbd47fc00a2c39e90264f33305004495a9","hash":"bb90001054c6116e386ab200888b63957c954cf6"}
,"C:\\Users\\ferna\\Documents\\Projectos KINAL\\GestorHoteles\\api\\libs\\auth.js": {"path":"C:\\Users\\ferna\\Documents\\Projectos KINAL\\GestorHoteles\\api\\libs\\auth.js","statementMap":{"0":{"start":{"line":1,"column":15},"end":{"line":1,"column":32}},"1":{"start":{"line":2,"column":20},"end":{"line":2,"column":43}},"2":{"start":{"line":4,"column":12},"end":{"line":4,"column":41}},"3":{"start":{"line":5,"column":15},"end":{"line":5,"column":40}},"4":{"start":{"line":6,"column":23},"end":{"line":6,"column":74}},"5":{"start":{"line":8,"column":17},"end":{"line":11,"column":1}},"6":{"start":{"line":13,"column":0},"end":{"line":34,"column":3}},"7":{"start":{"line":14,"column":2},"end":{"line":33,"column":6}},"8":{"start":{"line":16,"column":6},"end":{"line":20,"column":7}},"9":{"start":{"line":17,"column":8},"end":{"line":17,"column":87}},"10":{"start":{"line":18,"column":8},"end":{"line":18,"column":25}},"11":{"start":{"line":19,"column":8},"end":{"line":19,"column":14}},"12":{"start":{"line":21,"column":6},"end":{"line":21,"column":99}},"13":{"start":{"line":22,"column":6},"end":{"line":22,"column":26}},"14":{"start":{"line":23,"column":6},"end":{"line":27,"column":8}},"15":{"start":{"line":31,"column":6},"end":{"line":31,"column":68}},"16":{"start":{"line":32,"column":6},"end":{"line":32,"column":15}}},"fnMap":{"0":{"name":"(anonymous_0)","decl":{"start":{"line":13,"column":54},"end":{"line":13,"column":55}},"loc":{"start":{"line":13,"column":76},"end":{"line":34,"column":1}},"line":13},"1":{"name":"(anonymous_1)","decl":{"start":{"line":15,"column":10},"end":{"line":15,"column":11}},"loc":{"start":{"line":15,"column":21},"end":{"line":29,"column":5}},"line":15},"2":{"name":"(anonymous_2)","decl":{"start":{"line":30,"column":11},"end":{"line":30,"column":12}},"loc":{"start":{"line":30,"column":18},"end":{"line":33,"column":5}},"line":30}},"branchMap":{"0":{"loc":{"start":{"line":16,"column":6},"end":{"line":20,"column":7}},"type":"if","locations":[{"start":{"line":16,"column":6},"end":{"line":20,"column":7}},{"start":{"line":16,"column":6},"end":{"line":20,"column":7}}],"line":16}},"s":{"0":1,"1":1,"2":1,"3":1,"4":1,"5":1,"6":1,"7":8,"8":8,"9":0,"10":0,"11":0,"12":8,"13":8,"14":8,"15":0,"16":0},"f":{"0":8,"1":8,"2":0},"b":{"0":[0,8]},"_coverageSchema":"1a1c01bbd47fc00a2c39e90264f33305004495a9","hash":"ee509f44a2885411a9db0992d11383b5091ecf30"}
,"C:\\Users\\ferna\\Documents\\Projectos KINAL\\GestorHoteles\\api\\libs\\errorHandler.js": {"path":"C:\\Users\\ferna\\Documents\\Projectos KINAL\\GestorHoteles\\api\\libs\\errorHandler.js","statementMap":{"0":{"start":{"line":1,"column":17},"end":{"line":1,"column":36}},"1":{"start":{"line":2,"column":12},"end":{"line":2,"column":41}},"2":{"start":{"line":4,"column":0},"end":{"line":8,"column":2}},"3":{"start":{"line":5,"column":2},"end":{"line":7,"column":4}},"4":{"start":{"line":6,"column":4},"end":{"line":6,"column":35}},"5":{"start":{"line":10,"column":0},"end":{"line":18,"column":2}},"6":{"start":{"line":11,"column":2},"end":{"line":16,"column":3}},"7":{"start":{"line":12,"column":4},"end":{"line":12,"column":63}},"8":{"start":{"line":13,"column":4},"end":{"line":14,"column":125}},"9":{"start":{"line":15,"column":4},"end":{"line":15,"column":21}},"10":{"start":{"line":17,"column":2},"end":{"line":17,"column":12}},"11":{"start":{"line":20,"column":0},"end":{"line":25,"column":2}},"12":{"start":{"line":21,"column":2},"end":{"line":21,"column":32}},"13":{"start":{"line":22,"column":2},"end":{"line":24,"column":5}},"14":{"start":{"line":27,"column":0},"end":{"line":33,"column":2}},"15":{"start":{"line":28,"column":2},"end":{"line":28,"column":32}},"16":{"start":{"line":29,"column":2},"end":{"line":32,"column":5}}},"fnMap":{"0":{"name":"(anonymous_0)","decl":{"start":{"line":4,"column":26},"end":{"line":4,"column":27}},"loc":{"start":{"line":4,"column":34},"end":{"line":8,"column":1}},"line":4},"1":{"name":"(anonymous_1)","decl":{"start":{"line":5,"column":9},"end":{"line":5,"column":10}},"loc":{"start":{"line":5,"column":35},"end":{"line":7,"column":3}},"line":5},"2":{"name":"(anonymous_2)","decl":{"start":{"line":10,"column":30},"end":{"line":10,"column":31}},"loc":{"start":{"line":10,"column":55},"end":{"line":18,"column":1}},"line":10},"3":{"name":"(anonymous_3)","decl":{"start":{"line":20,"column":30},"end":{"line":20,"column":31}},"loc":{"start":{"line":20,"column":55},"end":{"line":25,"column":1}},"line":20},"4":{"name":"(anonymous_4)","decl":{"start":{"line":27,"column":30},"end":{"line":27,"column":31}},"loc":{"start":{"line":27,"column":55},"end":{"line":33,"column":1}},"line":27}},"branchMap":{"0":{"loc":{"start":{"line":11,"column":2},"end":{"line":16,"column":3}},"type":"if","locations":[{"start":{"line":11,"column":2},"end":{"line":16,"column":3}},{"start":{"line":11,"column":2},"end":{"line":16,"column":3}}],"line":11},"1":{"loc":{"start":{"line":11,"column":6},"end":{"line":11,"column":64}},"type":"binary-expr","locations":[{"start":{"line":11,"column":6},"end":{"line":11,"column":35}},{"start":{"line":11,"column":39},"end":{"line":11,"column":64}}],"line":11},"2":{"loc":{"start":{"line":21,"column":13},"end":{"line":21,"column":30}},"type":"binary-expr","locations":[{"start":{"line":21,"column":13},"end":{"line":21,"column":23}},{"start":{"line":21,"column":27},"end":{"line":21,"column":30}}],"line":21},"3":{"loc":{"start":{"line":28,"column":13},"end":{"line":28,"column":30}},"type":"binary-expr","locations":[{"start":{"line":28,"column":13},"end":{"line":28,"column":23}},{"start":{"line":28,"column":27},"end":{"line":28,"column":30}}],"line":28},"4":{"loc":{"start":{"line":31,"column":11},"end":{"line":31,"column":26}},"type":"binary-expr","locations":[{"start":{"line":31,"column":11},"end":{"line":31,"column":20}},{"start":{"line":31,"column":24},"end":{"line":31,"column":26}}],"line":31}},"s":{"0":1,"1":1,"2":1,"3":5,"4":26,"5":1,"6":6,"7":0,"8":0,"9":0,"10":6,"11":1,"12":0,"13":0,"14":1,"15":6,"16":6},"f":{"0":5,"1":26,"2":6,"3":0,"4":6},"b":{"0":[0,6],"1":[6,6],"2":[0,0],"3":[6,0],"4":[6,0]},"_coverageSchema":"1a1c01bbd47fc00a2c39e90264f33305004495a9","hash":"df74e2a602c98df8db34f1c92aba28ef92190c2f"}
,"C:\\Users\\ferna\\Documents\\Projectos KINAL\\GestorHoteles\\api\\recursos\\Usuarios\\usuarios.controller.js": {"path":"C:\\Users\\ferna\\Documents\\Projectos KINAL\\GestorHoteles\\api\\recursos\\Usuarios\\usuarios.controller.js","statementMap":{"0":{"start":{"line":1,"column":16},"end":{"line":1,"column":43}},"1":{"start":{"line":4,"column":2},"end":{"line":4,"column":26}},"2":{"start":{"line":8,"column":2},"end":{"line":11,"column":12}},"3":{"start":{"line":15,"column":2},"end":{"line":15,"column":39}},"4":{"start":{"line":19,"column":2},"end":{"line":27,"column":4}},"5":{"start":{"line":31,"column":2},"end":{"line":40,"column":5}},"6":{"start":{"line":32,"column":4},"end":{"line":39,"column":9}},"7":{"start":{"line":35,"column":8},"end":{"line":35,"column":37}},"8":{"start":{"line":38,"column":8},"end":{"line":38,"column":20}},"9":{"start":{"line":44,"column":2},"end":{"line":46,"column":3}},"10":{"start":{"line":45,"column":4},"end":{"line":45,"column":51}},"11":{"start":{"line":47,"column":2},"end":{"line":49,"column":3}},"12":{"start":{"line":48,"column":4},"end":{"line":48,"column":32}},"13":{"start":{"line":50,"column":2},"end":{"line":52,"column":4}},"14":{"start":{"line":55,"column":0},"end":{"line":62,"column":2}}},"fnMap":{"0":{"name":"foundUser","decl":{"start":{"line":3,"column":9},"end":{"line":3,"column":18}},"loc":{"start":{"line":3,"column":21},"end":{"line":5,"column":1}},"line":3},"1":{"name":"createUser","decl":{"start":{"line":7,"column":9},"end":{"line":7,"column":19}},"loc":{"start":{"line":7,"column":42},"end":{"line":12,"column":1}},"line":7},"2":{"name":"deleteUser","decl":{"start":{"line":14,"column":9},"end":{"line":14,"column":19}},"loc":{"start":{"line":14,"column":24},"end":{"line":16,"column":1}},"line":14},"3":{"name":"updateUser","decl":{"start":{"line":18,"column":9},"end":{"line":18,"column":19}},"loc":{"start":{"line":18,"column":30},"end":{"line":28,"column":1}},"line":18},"4":{"name":"existingUser","decl":{"start":{"line":30,"column":9},"end":{"line":30,"column":21}},"loc":{"start":{"line":30,"column":39},"end":{"line":41,"column":1}},"line":30},"5":{"name":"(anonymous_5)","decl":{"start":{"line":31,"column":21},"end":{"line":31,"column":22}},"loc":{"start":{"line":31,"column":42},"end":{"line":40,"column":3}},"line":31},"6":{"name":"(anonymous_6)","decl":{"start":{"line":34,"column":12},"end":{"line":34,"column":13}},"loc":{"start":{"line":34,"column":26},"end":{"line":36,"column":7}},"line":34},"7":{"name":"(anonymous_7)","decl":{"start":{"line":37,"column":13},"end":{"line":37,"column":14}},"loc":{"start":{"line":37,"column":22},"end":{"line":39,"column":7}},"line":37},"8":{"name":"foundOneUser","decl":{"start":{"line":43,"column":9},"end":{"line":43,"column":21}},"loc":{"start":{"line":43,"column":54},"end":{"line":53,"column":1}},"line":43}},"branchMap":{"0":{"loc":{"start":{"line":44,"column":2},"end":{"line":46,"column":3}},"type":"if","locations":[{"start":{"line":44,"column":2},"end":{"line":46,"column":3}},{"start":{"line":44,"column":2},"end":{"line":46,"column":3}}],"line":44},"1":{"loc":{"start":{"line":47,"column":2},"end":{"line":49,"column":3}},"type":"if","locations":[{"start":{"line":47,"column":2},"end":{"line":49,"column":3}},{"start":{"line":47,"column":2},"end":{"line":49,"column":3}}],"line":47}},"s":{"0":1,"1":2,"2":8,"3":1,"4":1,"5":10,"6":10,"7":10,"8":0,"9":22,"10":8,"11":14,"12":14,"13":0,"14":1},"f":{"0":2,"1":8,"2":1,"3":1,"4":10,"5":10,"6":10,"7":0,"8":22},"b":{"0":[8,14],"1":[14,0]},"_coverageSchema":"1a1c01bbd47fc00a2c39e90264f33305004495a9","hash":"e3f2903e36022bc17da32e0f8d5e2cc84c5a1725"}
,"C:\\Users\\ferna\\Documents\\Projectos KINAL\\GestorHoteles\\api\\recursos\\Usuarios\\usuarios.error.js": {"path":"C:\\Users\\ferna\\Documents\\Projectos KINAL\\GestorHoteles\\api\\recursos\\Usuarios\\usuarios.error.js","statementMap":{"0":{"start":{"line":3,"column":4},"end":{"line":3,"column":19}},"1":{"start":{"line":4,"column":4},"end":{"line":5,"column":73}},"2":{"start":{"line":6,"column":4},"end":{"line":6,"column":22}},"3":{"start":{"line":7,"column":4},"end":{"line":7,"column":40}},"4":{"start":{"line":13,"column":4},"end":{"line":13,"column":19}},"5":{"start":{"line":14,"column":4},"end":{"line":16,"column":89}},"6":{"start":{"line":17,"column":4},"end":{"line":17,"column":22}},"7":{"start":{"line":18,"column":4},"end":{"line":18,"column":42}},"8":{"start":{"line":24,"column":4},"end":{"line":24,"column":19}},"9":{"start":{"line":25,"column":4},"end":{"line":26,"column":74}},"10":{"start":{"line":27,"column":4},"end":{"line":27,"column":22}},"11":{"start":{"line":28,"column":4},"end":{"line":28,"column":39}},"12":{"start":{"line":34,"column":4},"end":{"line":34,"column":19}},"13":{"start":{"line":35,"column":4},"end":{"line":35,"column":70}},"14":{"start":{"line":36,"column":4},"end":{"line":36,"column":22}},"15":{"start":{"line":37,"column":4},"end":{"line":37,"column":34}},"16":{"start":{"line":41,"column":0},"end":{"line":46,"column":2}}},"fnMap":{"0":{"name":"(anonymous_0)","decl":{"start":{"line":2,"column":2},"end":{"line":2,"column":3}},"loc":{"start":{"line":2,"column":23},"end":{"line":8,"column":3}},"line":2},"1":{"name":"(anonymous_1)","decl":{"start":{"line":12,"column":2},"end":{"line":12,"column":3}},"loc":{"start":{"line":12,"column":23},"end":{"line":19,"column":3}},"line":12},"2":{"name":"(anonymous_2)","decl":{"start":{"line":23,"column":2},"end":{"line":23,"column":3}},"loc":{"start":{"line":23,"column":23},"end":{"line":29,"column":3}},"line":23},"3":{"name":"(anonymous_3)","decl":{"start":{"line":33,"column":2},"end":{"line":33,"column":3}},"loc":{"start":{"line":33,"column":23},"end":{"line":38,"column":3}},"line":33}},"branchMap":{"0":{"loc":{"start":{"line":5,"column":6},"end":{"line":5,"column":72}},"type":"binary-expr","locations":[{"start":{"line":5,"column":6},"end":{"line":5,"column":13}},{"start":{"line":5,"column":17},"end":{"line":5,"column":72}}],"line":5},"1":{"loc":{"start":{"line":15,"column":6},"end":{"line":16,"column":88}},"type":"binary-expr","locations":[{"start":{"line":15,"column":6},"end":{"line":15,"column":13}},{"start":{"line":16,"column":6},"end":{"line":16,"column":88}}],"line":15},"2":{"loc":{"start":{"line":26,"column":6},"end":{"line":26,"column":73}},"type":"binary-expr","locations":[{"start":{"line":26,"column":6},"end":{"line":26,"column":13}},{"start":{"line":26,"column":17},"end":{"line":26,"column":73}}],"line":26},"3":{"loc":{"start":{"line":35,"column":19},"end":{"line":35,"column":69}},"type":"binary-expr","locations":[{"start":{"line":35,"column":19},"end":{"line":35,"column":26}},{"start":{"line":35,"column":30},"end":{"line":35,"column":69}}],"line":35}},"s":{"0":2,"1":2,"2":2,"3":2,"4":2,"5":2,"6":2,"7":2,"8":0,"9":0,"10":0,"11":0,"12":2,"13":2,"14":2,"15":2,"16":1},"f":{"0":2,"1":2,"2":0,"3":2},"b":{"0":[2,2],"1":[2,0],"2":[0,0],"3":[2,0]},"_coverageSchema":"1a1c01bbd47fc00a2c39e90264f33305004495a9","hash":"e90e4dfdc8bef4cc0c8b7559b4a0c77bf9d45efc"}
,"C:\\Users\\ferna\\Documents\\Projectos KINAL\\GestorHoteles\\api\\recursos\\Usuarios\\usuarios.model.js": {"path":"C:\\Users\\ferna\\Documents\\Projectos KINAL\\GestorHoteles\\api\\recursos\\Usuarios\\usuarios.model.js","statementMap":{"0":{"start":{"line":1,"column":17},"end":{"line":1,"column":36}},"1":{"start":{"line":3,"column":22},"end":{"line":30,"column":2}},"2":{"start":{"line":32,"column":0},"end":{"line":32,"column":57}}},"fnMap":{},"branchMap":{},"s":{"0":1,"1":1,"2":1},"f":{},"b":{},"_coverageSchema":"1a1c01bbd47fc00a2c39e90264f33305004495a9","hash":"6fc7842cc384d10b09186ff5cb8a5120329c559d"}
,"C:\\Users\\ferna\\Documents\\Projectos KINAL\\GestorHoteles\\api\\recursos\\Usuarios\\usuarios.routes.js": {"path":"C:\\Users\\ferna\\Documents\\Projectos KINAL\\GestorHoteles\\api\\recursos\\Usuarios\\usuarios.routes.js","statementMap":{"0":{"start":{"line":1,"column":16},"end":{"line":1,"column":34}},"1":{"start":{"line":2,"column":15},"end":{"line":2,"column":32}},"2":{"start":{"line":3,"column":12},"end":{"line":3,"column":35}},"3":{"start":{"line":4,"column":17},"end":{"line":4,"column":36}},"4":{"start":{"line":6,"column":12},"end":{"line":6,"column":46}},"5":{"start":{"line":7,"column":15},"end":{"line":7,"column":41}},"6":{"start":{"line":8,"column":23},"end":{"line":8,"column":68}},"7":{"start":{"line":9,"column":21},"end":{"line":9,"column":64}},"8":{"start":{"line":10,"column":22},"end":{"line":10,"column":66}},"9":{"start":{"line":11,"column":23},"end":{"line":11,"column":55}},"10":{"start":{"line":12,"column":24},"end":{"line":12,"column":76}},"11":{"start":{"line":18,"column":4},"end":{"line":18,"column":31}},"12":{"start":{"line":20,"column":24},"end":{"line":20,"column":72}},"13":{"start":{"line":21,"column":19},"end":{"line":21,"column":35}},"14":{"start":{"line":24,"column":2},"end":{"line":24,"column":77}},"15":{"start":{"line":25,"column":2},"end":{"line":25,"column":68}},"16":{"start":{"line":26,"column":2},"end":{"line":26,"column":65}},"17":{"start":{"line":27,"column":2},"end":{"line":27,"column":77}},"18":{"start":{"line":28,"column":2},"end":{"line":28,"column":9}},"19":{"start":{"line":32,"column":11},"end":{"line":32,"column":24}},"20":{"start":{"line":34,"column":2},"end":{"line":37,"column":3}},"21":{"start":{"line":35,"column":4},"end":{"line":35,"column":76}},"22":{"start":{"line":36,"column":4},"end":{"line":36,"column":11}},"23":{"start":{"line":38,"column":2},"end":{"line":38,"column":9}},"24":{"start":{"line":41,"column":0},"end":{"line":48,"column":2}},"25":{"start":{"line":44,"column":4},"end":{"line":46,"column":7}},"26":{"start":{"line":45,"column":6},"end":{"line":45,"column":25}},"27":{"start":{"line":50,"column":0},"end":{"line":74,"column":2}},"28":{"start":{"line":54,"column":23},"end":{"line":54,"column":31}},"29":{"start":{"line":55,"column":4},"end":{"line":72,"column":9}},"30":{"start":{"line":58,"column":8},"end":{"line":63,"column":9}},"31":{"start":{"line":59,"column":10},"end":{"line":61,"column":12}},"32":{"start":{"line":62,"column":10},"end":{"line":62,"column":44}},"33":{"start":{"line":64,"column":8},"end":{"line":64,"column":54}},"34":{"start":{"line":67,"column":8},"end":{"line":71,"column":13}},"35":{"start":{"line":70,"column":12},"end":{"line":70,"column":61}},"36":{"start":{"line":76,"column":0},"end":{"line":110,"column":2}},"37":{"start":{"line":80,"column":31},"end":{"line":80,"column":39}},"38":{"start":{"line":82,"column":28},"end":{"line":84,"column":6}},"39":{"start":{"line":85,"column":4},"end":{"line":90,"column":5}},"40":{"start":{"line":86,"column":6},"end":{"line":88,"column":8}},"41":{"start":{"line":89,"column":6},"end":{"line":89,"column":42}},"42":{"start":{"line":91,"column":29},"end":{"line":94,"column":5}},"43":{"start":{"line":95,"column":4},"end":{"line":108,"column":5}},"44":{"start":{"line":96,"column":18},"end":{"line":98,"column":8}},"45":{"start":{"line":99,"column":6},"end":{"line":101,"column":8}},"46":{"start":{"line":102,"column":6},"end":{"line":102,"column":38}},"47":{"start":{"line":104,"column":6},"end":{"line":106,"column":8}},"48":{"start":{"line":107,"column":6},"end":{"line":107,"column":42}},"49":{"start":{"line":112,"column":0},"end":{"line":139,"column":2}},"50":{"start":{"line":116,"column":20},"end":{"line":116,"column":33}},"51":{"start":{"line":117,"column":13},"end":{"line":117,"column":24}},"52":{"start":{"line":120,"column":4},"end":{"line":120,"column":70}},"53":{"start":{"line":122,"column":4},"end":{"line":124,"column":5}},"54":{"start":{"line":123,"column":6},"end":{"line":123,"column":78}},"55":{"start":{"line":126,"column":4},"end":{"line":129,"column":5}},"56":{"start":{"line":127,"column":6},"end":{"line":127,"column":62}},"57":{"start":{"line":128,"column":6},"end":{"line":128,"column":63}},"58":{"start":{"line":131,"column":4},"end":{"line":137,"column":7}},"59":{"start":{"line":132,"column":6},"end":{"line":132,"column":24}},"60":{"start":{"line":133,"column":6},"end":{"line":136,"column":8}},"61":{"start":{"line":141,"column":0},"end":{"line":171,"column":2}},"62":{"start":{"line":145,"column":20},"end":{"line":145,"column":33}},"63":{"start":{"line":148,"column":4},"end":{"line":148,"column":76}},"64":{"start":{"line":150,"column":4},"end":{"line":157,"column":5}},"65":{"start":{"line":151,"column":6},"end":{"line":153,"column":8}},"66":{"start":{"line":154,"column":6},"end":{"line":156,"column":8}},"67":{"start":{"line":159,"column":20},"end":{"line":159,"column":31}},"68":{"start":{"line":160,"column":4},"end":{"line":165,"column":5}},"69":{"start":{"line":161,"column":6},"end":{"line":163,"column":8}},"70":{"start":{"line":164,"column":6},"end":{"line":164,"column":78}},"71":{"start":{"line":167,"column":25},"end":{"line":167,"column":67}},"72":{"start":{"line":168,"column":4},"end":{"line":168,"column":66}},"73":{"start":{"line":169,"column":4},"end":{"line":169,"column":29}},"74":{"start":{"line":173,"column":0},"end":{"line":173,"column":28}}},"fnMap":{"0":{"name":"transformarBodyALowerCase","decl":{"start":{"line":23,"column":9},"end":{"line":23,"column":34}},"loc":{"start":{"line":23,"column":51},"end":{"line":29,"column":1}},"line":23},"1":{"name":"validarId","decl":{"start":{"line":31,"column":9},"end":{"line":31,"column":18}},"loc":{"start":{"line":31,"column":35},"end":{"line":39,"column":1}},"line":31},"2":{"name":"(anonymous_2)","decl":{"start":{"line":43,"column":18},"end":{"line":43,"column":19}},"loc":{"start":{"line":43,"column":32},"end":{"line":47,"column":3}},"line":43},"3":{"name":"(anonymous_3)","decl":{"start":{"line":44,"column":43},"end":{"line":44,"column":44}},"loc":{"start":{"line":44,"column":57},"end":{"line":46,"column":5}},"line":44},"4":{"name":"(anonymous_4)","decl":{"start":{"line":53,"column":18},"end":{"line":53,"column":19}},"loc":{"start":{"line":53,"column":32},"end":{"line":73,"column":3}},"line":53},"5":{"name":"(anonymous_5)","decl":{"start":{"line":57,"column":12},"end":{"line":57,"column":13}},"loc":{"start":{"line":57,"column":35},"end":{"line":65,"column":7}},"line":57},"6":{"name":"(anonymous_6)","decl":{"start":{"line":66,"column":12},"end":{"line":66,"column":13}},"loc":{"start":{"line":66,"column":22},"end":{"line":72,"column":7}},"line":66},"7":{"name":"(anonymous_7)","decl":{"start":{"line":69,"column":16},"end":{"line":69,"column":17}},"loc":{"start":{"line":69,"column":40},"end":{"line":71,"column":11}},"line":69},"8":{"name":"(anonymous_8)","decl":{"start":{"line":79,"column":18},"end":{"line":79,"column":19}},"loc":{"start":{"line":79,"column":38},"end":{"line":109,"column":3}},"line":79},"9":{"name":"(anonymous_9)","decl":{"start":{"line":115,"column":18},"end":{"line":115,"column":19}},"loc":{"start":{"line":115,"column":38},"end":{"line":138,"column":3}},"line":115},"10":{"name":"(anonymous_10)","decl":{"start":{"line":131,"column":56},"end":{"line":131,"column":57}},"loc":{"start":{"line":131,"column":69},"end":{"line":137,"column":5}},"line":131},"11":{"name":"(anonymous_11)","decl":{"start":{"line":144,"column":18},"end":{"line":144,"column":19}},"loc":{"start":{"line":144,"column":38},"end":{"line":170,"column":3}},"line":144}},"branchMap":{"0":{"loc":{"start":{"line":24,"column":2},"end":{"line":24,"column":76}},"type":"binary-expr","locations":[{"start":{"line":24,"column":2},"end":{"line":24,"column":19}},{"start":{"line":24,"column":24},"end":{"line":24,"column":75}}],"line":24},"1":{"loc":{"start":{"line":25,"column":2},"end":{"line":25,"column":67}},"type":"binary-expr","locations":[{"start":{"line":25,"column":2},"end":{"line":25,"column":16}},{"start":{"line":25,"column":21},"end":{"line":25,"column":66}}],"line":25},"2":{"loc":{"start":{"line":26,"column":2},"end":{"line":26,"column":64}},"type":"binary-expr","locations":[{"start":{"line":26,"column":2},"end":{"line":26,"column":15}},{"start":{"line":26,"column":20},"end":{"line":26,"column":63}}],"line":26},"3":{"loc":{"start":{"line":27,"column":2},"end":{"line":27,"column":76}},"type":"binary-expr","locations":[{"start":{"line":27,"column":2},"end":{"line":27,"column":19}},{"start":{"line":27,"column":24},"end":{"line":27,"column":75}}],"line":27},"4":{"loc":{"start":{"line":34,"column":2},"end":{"line":37,"column":3}},"type":"if","locations":[{"start":{"line":34,"column":2},"end":{"line":37,"column":3}},{"start":{"line":34,"column":2},"end":{"line":37,"column":3}}],"line":34},"5":{"loc":{"start":{"line":58,"column":8},"end":{"line":63,"column":9}},"type":"if","locations":[{"start":{"line":58,"column":8},"end":{"line":63,"column":9}},{"start":{"line":58,"column":8},"end":{"line":63,"column":9}}],"line":58},"6":{"loc":{"start":{"line":85,"column":4},"end":{"line":90,"column":5}},"type":"if","locations":[{"start":{"line":85,"column":4},"end":{"line":90,"column":5}},{"start":{"line":85,"column":4},"end":{"line":90,"column":5}}],"line":85},"7":{"loc":{"start":{"line":95,"column":4},"end":{"line":108,"column":5}},"type":"if","locations":[{"start":{"line":95,"column":4},"end":{"line":108,"column":5}},{"start":{"line":95,"column":4},"end":{"line":108,"column":5}}],"line":95},"8":{"loc":{"start":{"line":122,"column":4},"end":{"line":124,"column":5}},"type":"if","locations":[{"start":{"line":122,"column":4},"end":{"line":124,"column":5}},{"start":{"line":122,"column":4},"end":{"line":124,"column":5}}],"line":122},"9":{"loc":{"start":{"line":126,"column":4},"end":{"line":129,"column":5}},"type":"if","locations":[{"start":{"line":126,"column":4},"end":{"line":129,"column":5}},{"start":{"line":126,"column":4},"end":{"line":129,"column":5}}],"line":126},"10":{"loc":{"start":{"line":150,"column":4},"end":{"line":157,"column":5}},"type":"if","locations":[{"start":{"line":150,"column":4},"end":{"line":157,"column":5}},{"start":{"line":150,"column":4},"end":{"line":157,"column":5}}],"line":150},"11":{"loc":{"start":{"line":160,"column":4},"end":{"line":165,"column":5}},"type":"if","locations":[{"start":{"line":160,"column":4},"end":{"line":165,"column":5}},{"start":{"line":160,"column":4},"end":{"line":165,"column":5}}],"line":160}},"s":{"0":1,"1":1,"2":1,"3":1,"4":1,"5":1,"6":1,"7":1,"8":1,"9":1,"10":1,"11":1,"12":1,"13":1,"14":18,"15":18,"16":18,"17":18,"18":18,"19":8,"20":8,"21":2,"22":2,"23":6,"24":1,"25":2,"26":2,"27":1,"28":10,"29":10,"30":10,"31":2,"32":2,"33":8,"34":8,"35":8,"36":1,"37":8,"38":8,"39":8,"40":0,"41":0,"42":8,"43":8,"44":8,"45":8,"46":8,"47":0,"48":0,"49":1,"50":3,"51":3,"52":3,"53":3,"54":1,"55":2,"56":1,"57":1,"58":1,"59":1,"60":1,"61":1,"62":3,"63":3,"64":3,"65":1,"66":1,"67":2,"68":2,"69":1,"70":1,"71":1,"72":1,"73":1,"74":1},"f":{"0":18,"1":8,"2":2,"3":2,"4":10,"5":10,"6":8,"7":8,"8":8,"9":3,"10":1,"11":3},"b":{"0":[18,18],"1":[18,10],"2":[18,10],"3":[18,10],"4":[2,6],"5":[2,8],"6":[0,8],"7":[8,0],"8":[1,2],"9":[1,1],"10":[1,2],"11":[1,1]},"_coverageSchema":"1a1c01bbd47fc00a2c39e90264f33305004495a9","hash":"5faf7a50e07c12ebeb580826a17a7b1a21ee868c"}
,"C:\\Users\\ferna\\Documents\\Projectos KINAL\\GestorHoteles\\api\\recursos\\Usuarios\\usuarios.validate.js": {"path":"C:\\Users\\ferna\\Documents\\Projectos KINAL\\GestorHoteles\\api\\recursos\\Usuarios\\usuarios.validate.js","statementMap":{"0":{"start":{"line":1,"column":12},"end":{"line":1,"column":32}},"1":{"start":{"line":2,"column":12},"end":{"line":2,"column":46}},"2":{"start":{"line":4,"column":22},"end":{"line":11,"column":2}},"3":{"start":{"line":13,"column":21},"end":{"line":31,"column":1}},"4":{"start":{"line":14,"column":20},"end":{"line":17,"column":4}},"5":{"start":{"line":18,"column":2},"end":{"line":30,"column":3}},"6":{"start":{"line":19,"column":4},"end":{"line":19,"column":11}},"7":{"start":{"line":21,"column":4},"end":{"line":24,"column":6}},"8":{"start":{"line":23,"column":45},"end":{"line":23,"column":58}},"9":{"start":{"line":25,"column":4},"end":{"line":29,"column":8}},"10":{"start":{"line":33,"column":23},"end":{"line":36,"column":2}},"11":{"start":{"line":38,"column":19},"end":{"line":56,"column":1}},"12":{"start":{"line":39,"column":20},"end":{"line":42,"column":4}},"13":{"start":{"line":43,"column":2},"end":{"line":55,"column":3}},"14":{"start":{"line":44,"column":4},"end":{"line":44,"column":11}},"15":{"start":{"line":46,"column":4},"end":{"line":49,"column":6}},"16":{"start":{"line":48,"column":45},"end":{"line":48,"column":58}},"17":{"start":{"line":50,"column":4},"end":{"line":54,"column":8}},"18":{"start":{"line":58,"column":24},"end":{"line":63,"column":2}},"19":{"start":{"line":65,"column":20},"end":{"line":81,"column":1}},"20":{"start":{"line":66,"column":20},"end":{"line":69,"column":4}},"21":{"start":{"line":70,"column":2},"end":{"line":80,"column":3}},"22":{"start":{"line":71,"column":4},"end":{"line":71,"column":11}},"23":{"start":{"line":73,"column":4},"end":{"line":76,"column":6}},"24":{"start":{"line":75,"column":45},"end":{"line":75,"column":58}},"25":{"start":{"line":77,"column":4},"end":{"line":79,"column":69}},"26":{"start":{"line":83,"column":0},"end":{"line":87,"column":2}}},"fnMap":{"0":{"name":"(anonymous_0)","decl":{"start":{"line":13,"column":21},"end":{"line":13,"column":22}},"loc":{"start":{"line":13,"column":41},"end":{"line":31,"column":1}},"line":13},"1":{"name":"(anonymous_1)","decl":{"start":{"line":23,"column":34},"end":{"line":23,"column":35}},"loc":{"start":{"line":23,"column":45},"end":{"line":23,"column":58}},"line":23},"2":{"name":"(anonymous_2)","decl":{"start":{"line":38,"column":19},"end":{"line":38,"column":20}},"loc":{"start":{"line":38,"column":39},"end":{"line":56,"column":1}},"line":38},"3":{"name":"(anonymous_3)","decl":{"start":{"line":48,"column":34},"end":{"line":48,"column":35}},"loc":{"start":{"line":48,"column":45},"end":{"line":48,"column":58}},"line":48},"4":{"name":"(anonymous_4)","decl":{"start":{"line":65,"column":20},"end":{"line":65,"column":21}},"loc":{"start":{"line":65,"column":40},"end":{"line":81,"column":1}},"line":65},"5":{"name":"(anonymous_5)","decl":{"start":{"line":75,"column":34},"end":{"line":75,"column":35}},"loc":{"start":{"line":75,"column":45},"end":{"line":75,"column":58}},"line":75}},"branchMap":{"0":{"loc":{"start":{"line":18,"column":2},"end":{"line":30,"column":3}},"type":"if","locations":[{"start":{"line":18,"column":2},"end":{"line":30,"column":3}},{"start":{"line":18,"column":2},"end":{"line":30,"column":3}}],"line":18},"1":{"loc":{"start":{"line":43,"column":2},"end":{"line":55,"column":3}},"type":"if","locations":[{"start":{"line":43,"column":2},"end":{"line":55,"column":3}},{"start":{"line":43,"column":2},"end":{"line":55,"column":3}}],"line":43},"2":{"loc":{"start":{"line":70,"column":2},"end":{"line":80,"column":3}},"type":"if","locations":[{"start":{"line":70,"column":2},"end":{"line":80,"column":3}},{"start":{"line":70,"column":2},"end":{"line":80,"column":3}}],"line":70}},"s":{"0":1,"1":1,"2":1,"3":1,"4":18,"5":18,"6":10,"7":8,"8":8,"9":8,"10":1,"11":1,"12":8,"13":8,"14":8,"15":0,"16":0,"17":0,"18":1,"19":1,"20":3,"21":3,"22":3,"23":0,"24":0,"25":0,"26":1},"f":{"0":18,"1":8,"2":8,"3":0,"4":3,"5":0},"b":{"0":[10,8],"1":[8,0],"2":[3,0]},"_coverageSchema":"1a1c01bbd47fc00a2c39e90264f33305004495a9","hash":"c47c87e51fbe700ccc789fe93ff039d3593fda8d"}
,"C:\\Users\\ferna\\Documents\\Projectos KINAL\\GestorHoteles\\config\\dev.js": {"path":"C:\\Users\\ferna\\Documents\\Projectos KINAL\\GestorHoteles\\config\\dev.js","statementMap":{"0":{"start":{"line":1,"column":0},"end":{"line":6,"column":2}}},"fnMap":{},"branchMap":{},"s":{"0":1},"f":{},"b":{},"_coverageSchema":"1a1c01bbd47fc00a2c39e90264f33305004495a9","hash":"1175b2c124fda7a8499199dd64d03d1b2ae4f5d1"}
,"C:\\Users\\ferna\\Documents\\Projectos KINAL\\GestorHoteles\\config\\index.js": {"path":"C:\\Users\\ferna\\Documents\\Projectos KINAL\\GestorHoteles\\config\\index.js","statementMap":{"0":{"start":{"line":1,"column":17},"end":{"line":1,"column":54}},"1":{"start":{"line":3,"column":26},"end":{"line":6,"column":1}},"2":{"start":{"line":8,"column":30},"end":{"line":8,"column":32}},"3":{"start":{"line":10,"column":0},"end":{"line":22,"column":1}},"4":{"start":{"line":14,"column":4},"end":{"line":14,"column":47}},"5":{"start":{"line":15,"column":4},"end":{"line":15,"column":10}},"6":{"start":{"line":18,"column":4},"end":{"line":18,"column":48}},"7":{"start":{"line":19,"column":4},"end":{"line":19,"column":10}},"8":{"start":{"line":21,"column":4},"end":{"line":21,"column":47}},"9":{"start":{"line":24,"column":0},"end":{"line":27,"column":2}}},"fnMap":{},"branchMap":{"0":{"loc":{"start":{"line":1,"column":17},"end":{"line":1,"column":54}},"type":"binary-expr","locations":[{"start":{"line":1,"column":17},"end":{"line":1,"column":37}},{"start":{"line":1,"column":41},"end":{"line":1,"column":54}}],"line":1},"1":{"loc":{"start":{"line":10,"column":0},"end":{"line":22,"column":1}},"type":"switch","locations":[{"start":{"line":11,"column":2},"end":{"line":11,"column":20}},{"start":{"line":12,"column":2},"end":{"line":12,"column":13}},{"start":{"line":13,"column":2},"end":{"line":15,"column":10}},{"start":{"line":16,"column":2},"end":{"line":16,"column":20}},{"start":{"line":17,"column":2},"end":{"line":19,"column":10}},{"start":{"line":20,"column":2},"end":{"line":21,"column":47}}],"line":10}},"s":{"0":1,"1":1,"2":1,"3":1,"4":1,"5":1,"6":0,"7":0,"8":0,"9":1},"f":{},"b":{"0":[1,0],"1":[0,0,1,0,0,0]},"_coverageSchema":"1a1c01bbd47fc00a2c39e90264f33305004495a9","hash":"1a2f7323df82782f07c54f6060d189128354d383"}
,"C:\\Users\\ferna\\Documents\\Projectos KINAL\\GestorHoteles\\utils\\logger.js": {"path":"C:\\Users\\ferna\\Documents\\Projectos KINAL\\GestorHoteles\\utils\\logger.js","statementMap":{"0":{"start":{"line":1,"column":16},"end":{"line":1,"column":34}},"1":{"start":{"line":3,"column":21},"end":{"line":6,"column":2}},"2":{"start":{"line":4,"column":2},"end":{"line":4,"column":63}},"3":{"start":{"line":5,"column":2},"end":{"line":5,"column":14}},"4":{"start":{"line":8,"column":0},"end":{"line":27,"column":3}}},"fnMap":{"0":{"name":"(anonymous_0)","decl":{"start":{"line":3,"column":36},"end":{"line":3,"column":37}},"loc":{"start":{"line":3,"column":46},"end":{"line":6,"column":1}},"line":3}},"branchMap":{},"s":{"0":1,"1":1,"2":68,"3":68,"4":1},"f":{"0":68},"b":{},"_coverageSchema":"1a1c01bbd47fc00a2c39e90264f33305004495a9","hash":"ec839bc69abf283aeb393802eb2df743d29bb692"}
}
