TN:
SF:index.js
FN:16,(anonymous_0)
FN:30,(anonymous_1)
FN:46,(anonymous_2)
FNF:3
FNH:2
FNDA:0,(anonymous_0)
FNDA:36,(anonymous_1)
FNDA:1,(anonymous_2)
DA:1,1
DA:2,1
DA:3,1
DA:4,1
DA:5,1
DA:7,1
DA:8,1
DA:9,1
DA:10,1
DA:11,1
DA:13,1
DA:15,1
DA:16,1
DA:17,0
DA:18,0
DA:21,1
DA:23,1
DA:25,1
DA:27,1
DA:30,36
DA:35,1
DA:37,1
DA:39,1
DA:40,1
DA:41,0
DA:43,1
DA:46,1
DA:47,1
DA:50,1
LF:29
LH:26
BRDA:40,0,0,0
BRDA:40,0,1,1
BRF:2
BRH:1
end_of_record
TN:
SF:api\libs\auth.js
FN:13,(anonymous_0)
FN:15,(anonymous_1)
FN:30,(anonymous_2)
FNF:3
FNH:2
FNDA:8,(anonymous_0)
FNDA:8,(anonymous_1)
FNDA:0,(anonymous_2)
DA:1,1
DA:2,1
DA:4,1
DA:5,1
DA:6,1
DA:8,1
DA:13,1
DA:14,8
DA:16,8
DA:17,0
DA:18,0
DA:19,0
DA:21,8
DA:22,8
DA:23,8
DA:31,0
DA:32,0
LF:17
LH:12
BRDA:16,0,0,0
BRDA:16,0,1,8
BRF:2
BRH:1
end_of_record
TN:
SF:api\libs\errorHandler.js
FN:4,(anonymous_0)
FN:5,(anonymous_1)
FN:10,(anonymous_2)
FN:20,(anonymous_3)
FN:27,(anonymous_4)
FNF:5
FNH:4
FNDA:5,(anonymous_0)
FNDA:26,(anonymous_1)
FNDA:6,(anonymous_2)
FNDA:0,(anonymous_3)
FNDA:6,(anonymous_4)
DA:1,1
DA:2,1
DA:4,1
DA:5,5
DA:6,26
DA:10,1
DA:11,6
DA:12,0
DA:13,0
DA:15,0
DA:17,6
DA:20,1
DA:21,0
DA:22,0
DA:27,1
DA:28,6
DA:29,6
LF:17
LH:12
BRDA:11,0,0,0
BRDA:11,0,1,6
BRDA:11,1,0,6
BRDA:11,1,1,6
BRDA:21,2,0,0
BRDA:21,2,1,0
BRDA:28,3,0,6
BRDA:28,3,1,0
BRDA:31,4,0,6
BRDA:31,4,1,0
BRF:10
BRH:5
end_of_record
TN:
SF:api\recursos\Usuarios\usuarios.controller.js
FN:3,foundUser
FN:7,createUser
FN:14,deleteUser
FN:18,updateUser
FN:30,existingUser
FN:31,(anonymous_5)
FN:34,(anonymous_6)
FN:37,(anonymous_7)
FN:43,foundOneUser
FNF:9
FNH:8
FNDA:2,foundUser
FNDA:8,createUser
FNDA:1,deleteUser
FNDA:1,updateUser
FNDA:10,existingUser
FNDA:10,(anonymous_5)
FNDA:10,(anonymous_6)
FNDA:0,(anonymous_7)
FNDA:22,foundOneUser
DA:1,1
DA:4,2
DA:8,8
DA:15,1
DA:19,1
DA:31,10
DA:32,10
DA:35,10
DA:38,0
DA:44,22
DA:45,8
DA:47,14
DA:48,14
DA:50,0
DA:55,1
LF:15
LH:13
BRDA:44,0,0,8
BRDA:44,0,1,14
BRDA:47,1,0,14
BRDA:47,1,1,0
BRF:4
BRH:3
end_of_record
TN:
SF:api\recursos\Usuarios\usuarios.error.js
FN:2,(anonymous_0)
FN:12,(anonymous_1)
FN:23,(anonymous_2)
FN:33,(anonymous_3)
FNF:4
FNH:3
FNDA:2,(anonymous_0)
FNDA:2,(anonymous_1)
FNDA:0,(anonymous_2)
FNDA:2,(anonymous_3)
DA:3,2
DA:4,2
DA:6,2
DA:7,2
DA:13,2
DA:14,2
DA:17,2
DA:18,2
DA:24,0
DA:25,0
DA:27,0
DA:28,0
DA:34,2
DA:35,2
DA:36,2
DA:37,2
DA:41,1
LF:17
LH:13
BRDA:5,0,0,2
BRDA:5,0,1,2
BRDA:15,1,0,2
BRDA:15,1,1,0
BRDA:26,2,0,0
BRDA:26,2,1,0
BRDA:35,3,0,2
BRDA:35,3,1,0
BRF:8
BRH:4
end_of_record
TN:
SF:api\recursos\Usuarios\usuarios.model.js
FNF:0
FNH:0
DA:1,1
DA:3,1
DA:32,1
LF:3
LH:3
BRF:0
BRH:0
end_of_record
TN:
SF:api\recursos\Usuarios\usuarios.routes.js
FN:23,transformarBodyALowerCase
FN:31,validarId
FN:43,(anonymous_2)
FN:44,(anonymous_3)
FN:53,(anonymous_4)
FN:57,(anonymous_5)
FN:66,(anonymous_6)
FN:69,(anonymous_7)
FN:79,(anonymous_8)
FN:115,(anonymous_9)
FN:131,(anonymous_10)
FN:144,(anonymous_11)
FNF:12
FNH:12
FNDA:18,transformarBodyALowerCase
FNDA:8,validarId
FNDA:2,(anonymous_2)
FNDA:2,(anonymous_3)
FNDA:10,(anonymous_4)
FNDA:10,(anonymous_5)
FNDA:8,(anonymous_6)
FNDA:8,(anonymous_7)
FNDA:8,(anonymous_8)
FNDA:3,(anonymous_9)
FNDA:1,(anonymous_10)
FNDA:3,(anonymous_11)
DA:1,1
DA:2,1
DA:3,1
DA:4,1
DA:6,1
DA:7,1
DA:8,1
DA:9,1
DA:10,1
DA:11,1
DA:12,1
DA:18,1
DA:20,1
DA:21,1
DA:24,18
DA:25,18
DA:26,18
DA:27,18
DA:28,18
DA:32,8
DA:34,8
DA:35,2
DA:36,2
DA:38,6
DA:41,1
DA:44,2
DA:45,2
DA:50,1
DA:54,10
DA:55,10
DA:58,10
DA:59,2
DA:62,2
DA:64,8
DA:67,8
DA:70,8
DA:76,1
DA:80,8
DA:82,8
DA:85,8
DA:86,0
DA:89,0
DA:91,8
DA:95,8
DA:96,8
DA:99,8
DA:102,8
DA:104,0
DA:107,0
DA:112,1
DA:116,3
DA:117,3
DA:120,3
DA:122,3
DA:123,1
DA:126,2
DA:127,1
DA:128,1
DA:131,1
DA:132,1
DA:133,1
DA:141,1
DA:145,3
DA:148,3
DA:150,3
DA:151,1
DA:154,1
DA:159,2
DA:160,2
DA:161,1
DA:164,1
DA:167,1
DA:168,1
DA:169,1
DA:173,1
LF:75
LH:71
BRDA:24,0,0,18
BRDA:24,0,1,18
BRDA:25,1,0,18
BRDA:25,1,1,10
BRDA:26,2,0,18
BRDA:26,2,1,10
BRDA:27,3,0,18
BRDA:27,3,1,10
BRDA:34,4,0,2
BRDA:34,4,1,6
BRDA:58,5,0,2
BRDA:58,5,1,8
BRDA:85,6,0,0
BRDA:85,6,1,8
BRDA:95,7,0,8
BRDA:95,7,1,0
BRDA:122,8,0,1
BRDA:122,8,1,2
BRDA:126,9,0,1
BRDA:126,9,1,1
BRDA:150,10,0,1
BRDA:150,10,1,2
BRDA:160,11,0,1
BRDA:160,11,1,1
BRF:24
BRH:22
end_of_record
TN:
SF:api\recursos\Usuarios\usuarios.validate.js
FN:13,(anonymous_0)
FN:23,(anonymous_1)
FN:38,(anonymous_2)
FN:48,(anonymous_3)
FN:65,(anonymous_4)
FN:75,(anonymous_5)
FNF:6
FNH:4
FNDA:18,(anonymous_0)
FNDA:8,(anonymous_1)
FNDA:8,(anonymous_2)
FNDA:0,(anonymous_3)
FNDA:3,(anonymous_4)
FNDA:0,(anonymous_5)
DA:1,1
DA:2,1
DA:4,1
DA:13,1
DA:14,18
DA:18,18
DA:19,10
DA:21,8
DA:23,8
DA:25,8
DA:33,1
DA:38,1
DA:39,8
DA:43,8
DA:44,8
DA:46,0
DA:48,0
DA:50,0
DA:58,1
DA:65,1
DA:66,3
DA:70,3
DA:71,3
DA:73,0
DA:75,0
DA:77,0
DA:83,1
LF:27
LH:21
BRDA:18,0,0,10
BRDA:18,0,1,8
BRDA:43,1,0,8
BRDA:43,1,1,0
BRDA:70,2,0,3
BRDA:70,2,1,0
BRF:6
BRH:4
end_of_record
TN:
SF:config\dev.js
FNF:0
FNH:0
DA:1,1
LF:1
LH:1
BRF:0
BRH:0
end_of_record
TN:
SF:config\index.js
FNF:0
FNH:0
DA:1,1
DA:3,1
DA:8,1
DA:10,1
DA:14,1
DA:15,1
DA:18,0
DA:19,0
DA:21,0
DA:24,1
LF:10
LH:7
BRDA:1,0,0,1
BRDA:1,0,1,0
BRDA:10,1,0,0
BRDA:10,1,1,0
BRDA:10,1,2,1
BRDA:10,1,3,0
BRDA:10,1,4,0
BRDA:10,1,5,0
BRF:8
BRH:2
end_of_record
TN:
SF:utils\logger.js
FN:3,(anonymous_0)
FNF:1
FNH:1
FNDA:68,(anonymous_0)
DA:1,1
DA:3,1
DA:4,68
DA:5,68
DA:8,1
LF:5
LH:5
BRF:0
BRH:0
end_of_record
